  [1m[35m (1.8ms)[0m  [1m[35mCREATE DATABASE "sqills_development" ENCODING = 'unicode'[0m
  [1m[35m (1.3ms)[0m  [1m[35mCREATE DATABASE "sqills_test" ENCODING = 'unicode'[0m
  [1m[35m (0.4ms)[0m  [1m[34mSELECT pg_try_advisory_lock(25666108891884300)[0m
  [1m[35m (1.1ms)[0m  [1m[34mSELECT "schema_migrations"."version" FROM "schema_migrations" ORDER BY "schema_migrations"."version" ASC[0m
Migrating to CreateUsers (20210825192135)
  [1m[36mTRANSACTION (0.2ms)[0m  [1m[35mBEGIN[0m
  [1m[35m (8.5ms)[0m  [1m[35mCREATE TABLE "users" ("id" bigserial primary key, "username" character varying, "email" character varying, "password_digest" character varying, "created_at" timestamp(6) NOT NULL, "updated_at" timestamp(6) NOT NULL)[0m
  [1m[36mTRANSACTION (0.2ms)[0m  [1m[31mROLLBACK[0m
  [1m[35m (0.6ms)[0m  [1m[34mSELECT pg_advisory_unlock(25666108891884300)[0m
  [1m[35m (0.2ms)[0m  [1m[34mSELECT pg_try_advisory_lock(25666108891884300)[0m
  [1m[35m (1.2ms)[0m  [1m[34mSELECT "schema_migrations"."version" FROM "schema_migrations" ORDER BY "schema_migrations"."version" ASC[0m
Migrating to CreateUsers (20210825192135)
  [1m[36mTRANSACTION (0.3ms)[0m  [1m[35mBEGIN[0m
  [1m[35m (7.5ms)[0m  [1m[35mDROP TABLE "users"[0m
  [1m[35m (6.9ms)[0m  [1m[35mCREATE TABLE "users" ("id" bigserial primary key, "username" character varying, "email" character varying, "password_digest" character varying, "created_at" timestamp(6) NOT NULL, "updated_at" timestamp(6) NOT NULL)[0m
  [1m[36mActiveRecord::SchemaMigration Create (0.4ms)[0m  [1m[32mINSERT INTO "schema_migrations" ("version") VALUES ($1) RETURNING "version"[0m  [["version", "20210825192135"]]
  [1m[36mTRANSACTION (3.7ms)[0m  [1m[35mCOMMIT[0m
  [1m[36mActiveRecord::InternalMetadata Load (1.3ms)[0m  [1m[34mSELECT "ar_internal_metadata".* FROM "ar_internal_metadata" WHERE "ar_internal_metadata"."key" = $1 LIMIT $2[0m  [["key", "environment"], ["LIMIT", 1]]
  [1m[35m (0.8ms)[0m  [1m[34mSELECT pg_advisory_unlock(25666108891884300)[0m
  [1m[35m (0.7ms)[0m  [1m[34mSELECT "schema_migrations"."version" FROM "schema_migrations" ORDER BY "schema_migrations"."version" ASC[0m
Started POST "/users" for ::1 at 2021-08-25 13:48:27 -0600
  [1m[35m (2.1ms)[0m  [1m[34mSELECT "schema_migrations"."version" FROM "schema_migrations" ORDER BY "schema_migrations"."version" ASC[0m
  
NameError (undefined local variable or method `user_params' for UsersController:Class):
  
app/controllers/users_controller.rb:19:in `<class:UsersController>'
app/controllers/users_controller.rb:1:in `<main>'
Started POST "/users" for ::1 at 2021-08-25 13:48:57 -0600
  
NameError (undefined local variable or method `user_params' for UsersController:Class):
  
app/controllers/users_controller.rb:19:in `<class:UsersController>'
app/controllers/users_controller.rb:1:in `<main>'
Started POST "/users" for ::1 at 2021-08-25 13:49:57 -0600
  
NameError (undefined local variable or method `user_params' for UsersController:Class):
  
app/controllers/users_controller.rb:19:in `<class:UsersController>'
app/controllers/users_controller.rb:1:in `<main>'
Started POST "/users" for ::1 at 2021-08-25 13:52:58 -0600
Processing by UsersController#create as */*
  Parameters: {"user"=>{"username"=>"Nash3", "password"=>"[FILTERED]", "email"=>"test3@test.com"}}
  [1m[36mTRANSACTION (0.3ms)[0m  [1m[35mBEGIN[0m
  ↳ app/controllers/users_controller.rb:20:in `create'
  [1m[36mUser Exists? (4.5ms)[0m  [1m[34mSELECT 1 AS one FROM "users" WHERE "users"."username" = $1 LIMIT $2[0m  [["username", "Nash3"], ["LIMIT", 1]]
  ↳ app/controllers/users_controller.rb:20:in `create'
  [1m[36mUser Exists? (0.5ms)[0m  [1m[34mSELECT 1 AS one FROM "users" WHERE "users"."email" = $1 LIMIT $2[0m  [["email", "test3@test.com"], ["LIMIT", 1]]
  ↳ app/controllers/users_controller.rb:20:in `create'
  [1m[36mUser Create (1.4ms)[0m  [1m[32mINSERT INTO "users" ("username", "email", "password_digest", "created_at", "updated_at") VALUES ($1, $2, $3, $4, $5) RETURNING "id"[0m  [["username", "Nash3"], ["email", "test3@test.com"], ["password_digest", "$2a$12$HD4Lvm/cdvT/k6EFFSaqGucy0zBclkTNKI2px.M1XNBBE5hfhMaSm"], ["created_at", "2021-08-25 19:52:59.352415"], ["updated_at", "2021-08-25 19:52:59.352415"]]
  ↳ app/controllers/users_controller.rb:20:in `create'
  [1m[36mTRANSACTION (0.9ms)[0m  [1m[35mCOMMIT[0m
  ↳ app/controllers/users_controller.rb:20:in `create'
Completed 201 Created in 554ms (Views: 0.4ms | ActiveRecord: 18.9ms | Allocations: 12556)


